c:\users\simon\downloads\gamephysicsapp\gamephysicsapp\debug\gamephysicsapp.pch
c:\users\simon\downloads\gamephysicsapp\gamephysicsapp\debug\vc141.pdb
c:\users\simon\downloads\gamephysicsapp\gamephysicsapp\debug\vc141.idb
c:\users\simon\downloads\gamephysicsapp\gamephysicsapp\debug\stdafx.obj
c:\users\simon\downloads\gamephysicsapp\gamephysicsapp\debug\quatapp.obj
c:\users\simon\downloads\gamephysicsapp\gamephysicsapp\debug\body.obj
c:\users\simon\downloads\gamephysicsapp\gamephysicsapp\debug\collide_coarse.obj
c:\users\simon\downloads\gamephysicsapp\gamephysicsapp\debug\collide_fine.obj
c:\users\simon\downloads\gamephysicsapp\gamephysicsapp\debug\contacts.obj
c:\users\simon\downloads\gamephysicsapp\gamephysicsapp\debug\core.obj
c:\users\simon\downloads\gamephysicsapp\gamephysicsapp\debug\fgen.obj
c:\users\simon\downloads\gamephysicsapp\gamephysicsapp\debug\joints.obj
c:\users\simon\downloads\gamephysicsapp\gamephysicsapp\debug\particle.obj
c:\users\simon\downloads\gamephysicsapp\gamephysicsapp\debug\pcontacts.obj
c:\users\simon\downloads\gamephysicsapp\gamephysicsapp\debug\pfgen.obj
c:\users\simon\downloads\gamephysicsapp\gamephysicsapp\debug\plinks.obj
c:\users\simon\downloads\gamephysicsapp\gamephysicsapp\debug\pworld.obj
c:\users\simon\downloads\gamephysicsapp\gamephysicsapp\debug\random.obj
c:\users\simon\downloads\gamephysicsapp\gamephysicsapp\debug\world.obj
c:\users\simon\downloads\gamephysicsapp\gamephysicsapp\debug\app.obj
c:\users\simon\downloads\gamephysicsapp\gamephysicsapp\debug\timing.obj
c:\users\simon\downloads\gamephysicsapp\gamephysicsapp\debug\gamephysicsapp.obj
c:\users\simon\downloads\gamephysicsapp\debug\gamephysicsapp.exe
c:\users\simon\downloads\gamephysicsapp\debug\gamephysicsapp.ilk
c:\users\simon\downloads\gamephysicsapp\debug\gamephysicsapp.pdb
c:\users\simon\downloads\gamephysicsapp\gamephysicsapp\debug\gamephysicsapp.tlog\cl.command.1.tlog
c:\users\simon\downloads\gamephysicsapp\gamephysicsapp\debug\gamephysicsapp.tlog\cl.read.1.tlog
c:\users\simon\downloads\gamephysicsapp\gamephysicsapp\debug\gamephysicsapp.tlog\cl.write.1.tlog
c:\users\simon\downloads\gamephysicsapp\gamephysicsapp\debug\gamephysicsapp.tlog\link.command.1.tlog
c:\users\simon\downloads\gamephysicsapp\gamephysicsapp\debug\gamephysicsapp.tlog\link.read.1.tlog
c:\users\simon\downloads\gamephysicsapp\gamephysicsapp\debug\gamephysicsapp.tlog\link.write.1.tlog
