h:\msim courses\msim 603\spring 2017\modules\procedural programming - continuous simulation\carfollowing\carfollowing\carfollowing\carfollowing\debug\vc141.pdb
h:\msim courses\msim 603\spring 2017\modules\procedural programming - continuous simulation\carfollowing\carfollowing\carfollowing\carfollowing\debug\vc141.idb
h:\msim courses\msim 603\spring 2017\modules\procedural programming - continuous simulation\carfollowing\carfollowing\carfollowing\carfollowing\debug\car.obj
h:\msim courses\msim 603\spring 2017\modules\procedural programming - continuous simulation\carfollowing\carfollowing\carfollowing\carfollowing\debug\eulersmethod.obj
h:\msim courses\msim 603\spring 2017\modules\procedural programming - continuous simulation\carfollowing\carfollowing\carfollowing\carfollowing\debug\main.obj
h:\msim courses\msim 603\spring 2017\modules\procedural programming - continuous simulation\carfollowing\carfollowing\carfollowing\carfollowing\debug\road.obj
h:\msim courses\msim 603\modules\procedural programming\carfollowing\carfollowing\carfollowing\carfollowing\debug\vc141.pdb
h:\msim courses\msim 603\modules\procedural programming\carfollowing\carfollowing\carfollowing\carfollowing\debug\vc141.idb
h:\msim courses\msim 603\modules\procedural programming\carfollowing\carfollowing\carfollowing\carfollowing\debug\car.obj
h:\msim courses\msim 603\modules\procedural programming\carfollowing\carfollowing\carfollowing\carfollowing\debug\eulersmethod.obj
h:\msim courses\msim 603\modules\procedural programming\carfollowing\carfollowing\carfollowing\carfollowing\debug\main.obj
h:\msim courses\msim 603\modules\procedural programming\carfollowing\carfollowing\carfollowing\carfollowing\debug\road.obj
h:\msim courses\msim 603\spring 2017\modules\procedural programming - continuous simulation\carfollowing\carfollowing\carfollowing\debug\carfollowing.ilk
h:\msim courses\msim 603\spring 2017\modules\procedural programming - continuous simulation\carfollowing\carfollowing\carfollowing\debug\carfollowing.exe
h:\msim courses\msim 603\spring 2017\modules\procedural programming - continuous simulation\carfollowing\carfollowing\carfollowing\debug\carfollowing.pdb
h:\msim courses\msim 603\modules\procedural programming\carfollowing\carfollowing\carfollowing\debug\carfollowing.exe
h:\msim courses\msim 603\modules\procedural programming\carfollowing\carfollowing\carfollowing\debug\carfollowing.ilk
h:\msim courses\msim 603\modules\procedural programming\carfollowing\carfollowing\carfollowing\debug\carfollowing.pdb
h:\msim courses\msim 603\modules\procedural programming\carfollowing\carfollowing\carfollowing\carfollowing\debug\vc140.idb
h:\msim courses\msim 603\modules\procedural programming\carfollowing\carfollowing\carfollowing\carfollowing\debug\vc140.pdb
h:\msim courses\msim 603\modules\procedural programming\carfollowing\carfollowing\carfollowing\carfollowing\debug\carfollowing.tlog\cl.command.1.tlog
h:\msim courses\msim 603\modules\procedural programming\carfollowing\carfollowing\carfollowing\carfollowing\debug\carfollowing.tlog\cl.read.1.tlog
h:\msim courses\msim 603\modules\procedural programming\carfollowing\carfollowing\carfollowing\carfollowing\debug\carfollowing.tlog\cl.write.1.tlog
h:\msim courses\msim 603\modules\procedural programming\carfollowing\carfollowing\carfollowing\carfollowing\debug\carfollowing.tlog\link.command.1.tlog
h:\msim courses\msim 603\modules\procedural programming\carfollowing\carfollowing\carfollowing\carfollowing\debug\carfollowing.tlog\link.read.1.tlog
h:\msim courses\msim 603\modules\procedural programming\carfollowing\carfollowing\carfollowing\carfollowing\debug\carfollowing.tlog\link.write.1.tlog
h:\msim courses\msim 603\modules\procedural programming\carfollowing\carfollowing\carfollowing\carfollowing\debug\carfollowing.tlog\link.delete.1.tlog
